2023-09-11 18:08:40,640 [Worker-2: Loading available Gradle versions] INFO  o.e.b.c.i.u.g.PublishedGradleVersions - Gradle version information cache is up-to-date. Trying to read.
2023-09-11 18:08:54,752 [Worker-19: Updating Maven Dependencies] INFO  o.e.m.c.i.l.LifecycleMappingFactory - Using org.eclipse.m2e.jdt.JarLifecycleMapping lifecycle mapping for MavenProject: com.APIGATEWAY:APIGATEWAY:0.0.1-SNAPSHOT @ C:\Users\NTS-Megha Hirmukhe\Desktop\kafka\kafka+loginProducer\backend\APIGATEWAY\pom.xml.
2023-09-11 18:09:00,420 [Worker-11: Building] INFO  o.a.m.s.f.DefaultMavenResourcesFiltering - Copying 2 resources from src\main\resources to target\classes
2023-09-11 18:09:00,463 [Worker-11: Building] INFO  o.a.m.s.f.DefaultMavenResourcesFiltering - Copying 0 resource from src\main\resources to target\classes
2023-09-11 18:09:00,471 [Worker-11: Building] INFO  o.a.m.s.f.DefaultMavenResourcesFiltering - skip non existing resourceDirectory C:\Users\NTS-Megha Hirmukhe\Desktop\kafka\kafka+loginProducer\backend\APIGATEWAY\src\test\resources
2023-09-11 18:09:02,342 [Worker-11: Building] INFO  o.e.m.c.i.l.LifecycleMappingFactory - Using org.eclipse.m2e.jdt.JarLifecycleMapping lifecycle mapping for MavenProject: com.AuthService:AuthService:0.0.1-SNAPSHOT @ C:\Users\NTS-Megha Hirmukhe\Desktop\kafka\kafka+loginProducer\backend\AuthService\pom.xml.
2023-09-11 18:09:05,196 [Worker-11: Building] INFO  o.a.m.s.f.DefaultMavenResourcesFiltering - Copying 2 resources from src\main\resources to target\classes
2023-09-11 18:09:05,232 [Worker-11: Building] INFO  o.a.m.s.f.DefaultMavenResourcesFiltering - Copying 0 resource from src\main\resources to target\classes
2023-09-11 18:09:05,239 [Worker-11: Building] INFO  o.a.m.s.f.DefaultMavenResourcesFiltering - skip non existing resourceDirectory C:\Users\NTS-Megha Hirmukhe\Desktop\kafka\kafka+loginProducer\backend\AuthService\src\test\resources
2023-09-11 18:09:06,626 [Worker-11: Building] INFO  o.e.m.c.i.l.LifecycleMappingFactory - Using org.eclipse.m2e.jdt.JarLifecycleMapping lifecycle mapping for MavenProject: com.PersonalDetails:PersonalDetails:0.0.1-SNAPSHOT @ C:\Users\NTS-Megha Hirmukhe\Desktop\kafka\kafka+loginProducer\backend\PersonalDetails\PersonalDetails\pom.xml.
2023-09-11 18:09:07,424 [Worker-11: Building] INFO  o.e.m.c.i.p.WorkspaceClassifierResolverManager - Resolving P/AuthService: com.AuthService:AuthService:0.0.1-SNAPSHOT with classifier  to /AuthService/target/classes
2023-09-11 18:09:08,981 [Worker-11: Building] INFO  o.a.m.s.f.DefaultMavenResourcesFiltering - Copying 2 resources from src\main\resources to target\classes
2023-09-11 18:09:09,024 [Worker-11: Building] INFO  o.a.m.s.f.DefaultMavenResourcesFiltering - Copying 0 resource from src\main\resources to target\classes
2023-09-11 18:09:09,032 [Worker-11: Building] INFO  o.a.m.s.f.DefaultMavenResourcesFiltering - skip non existing resourceDirectory C:\Users\NTS-Megha Hirmukhe\Desktop\kafka\kafka+loginProducer\backend\PersonalDetails\PersonalDetails\src\test\resources
2023-09-11 18:09:11,846 [Worker-3: Building] INFO  o.e.m.c.i.l.LifecycleMappingFactory - Using org.eclipse.m2e.jdt.JarLifecycleMapping lifecycle mapping for MavenProject: com.ProductDetails:ProductDetails:0.0.1-SNAPSHOT @ C:\Users\NTS-Megha Hirmukhe\Desktop\kafka\kafka+loginProducer\backend\ProductDetails\ProductDetails\pom.xml.
2023-09-11 18:09:12,754 [Worker-3: Building] INFO  o.e.m.c.i.p.WorkspaceClassifierResolverManager - Resolving P/AuthService: com.AuthService:AuthService:0.0.1-SNAPSHOT with classifier  to /AuthService/target/classes
2023-09-11 18:09:14,260 [Worker-3: Building] INFO  o.a.m.s.f.DefaultMavenResourcesFiltering - Copying 2 resources from src\main\resources to target\classes
2023-09-11 18:09:14,392 [Worker-3: Building] INFO  o.a.m.s.f.DefaultMavenResourcesFiltering - Copying 0 resource from src\main\resources to target\classes
2023-09-11 18:09:14,399 [Worker-3: Building] INFO  o.a.m.s.f.DefaultMavenResourcesFiltering - skip non existing resourceDirectory C:\Users\NTS-Megha Hirmukhe\Desktop\kafka\kafka+loginProducer\backend\ProductDetails\ProductDetails\src\test\resources
2023-09-11 18:09:15,856 [Worker-3: Building] INFO  o.e.m.c.i.l.LifecycleMappingFactory - Using org.eclipse.m2e.jdt.JarLifecycleMapping lifecycle mapping for MavenProject: com.UserDetails:UserDetails:0.0.1-SNAPSHOT @ C:\Users\NTS-Megha Hirmukhe\Desktop\kafka\kafka+loginProducer\backend\UserDetails\pom.xml.
2023-09-11 18:09:16,664 [Worker-3: Building] INFO  o.e.m.c.i.p.WorkspaceClassifierResolverManager - Resolving P/AuthService: com.AuthService:AuthService:0.0.1-SNAPSHOT with classifier  to /AuthService/target/classes
2023-09-11 18:09:18,235 [Worker-3: Building] INFO  o.a.m.s.f.DefaultMavenResourcesFiltering - Copying 2 resources from src\main\resources to target\classes
2023-09-11 18:09:18,388 [Worker-3: Building] INFO  o.a.m.s.f.DefaultMavenResourcesFiltering - Copying 0 resource from src\main\resources to target\classes
2023-09-11 18:09:18,404 [Worker-3: Building] INFO  o.a.m.s.f.DefaultMavenResourcesFiltering - Copying 0 resource from src\test\resources to target\test-classes
2023-09-11 18:09:19,095 [Worker-3: Building] INFO  o.e.m.c.i.l.LifecycleMappingFactory - Using org.eclipse.m2e.jdt.JarLifecycleMapping lifecycle mapping for MavenProject: com.eurekaServer:eurekaServer:0.0.1-SNAPSHOT @ C:\Users\NTS-Megha Hirmukhe\Desktop\kafka\kafka+loginProducer\backend\eurekaServer\pom.xml.
2023-09-11 18:09:20,917 [Worker-3: Building] INFO  o.a.m.s.f.DefaultMavenResourcesFiltering - Copying 2 resources from src\main\resources to target\classes
2023-09-11 18:09:20,956 [Worker-3: Building] INFO  o.a.m.s.f.DefaultMavenResourcesFiltering - Copying 0 resource from src\main\resources to target\classes
2023-09-11 18:09:20,963 [Worker-3: Building] INFO  o.a.m.s.f.DefaultMavenResourcesFiltering - skip non existing resourceDirectory C:\Users\NTS-Megha Hirmukhe\Desktop\kafka\kafka+loginProducer\backend\eurekaServer\src\test\resources
2023-09-11 18:10:07,434 [Worker-0: Updating Maven Project] INFO  o.e.m.c.i.p.ProjectConfigurationManager - Update started
2023-09-11 18:10:08,653 [Worker-0: Updating Maven Project] INFO  o.e.m.c.i.l.LifecycleMappingFactory - Using org.eclipse.m2e.jdt.JarLifecycleMapping lifecycle mapping for MavenProject: com.APIGATEWAY:APIGATEWAY:0.0.1-SNAPSHOT @ C:\Users\NTS-Megha Hirmukhe\Desktop\kafka\kafka+loginProducer\backend\APIGATEWAY\pom.xml.
2023-09-11 18:10:08,995 [Worker-0: Updating Maven Project] INFO  o.e.m.c.i.l.LifecycleMappingFactory - Using org.eclipse.m2e.jdt.JarLifecycleMapping lifecycle mapping for MavenProject: com.AuthService:AuthService:0.0.1-SNAPSHOT @ C:\Users\NTS-Megha Hirmukhe\Desktop\kafka\kafka+loginProducer\backend\AuthService\pom.xml.
2023-09-11 18:10:09,268 [Worker-0: Updating Maven Project] INFO  o.e.m.c.i.l.LifecycleMappingFactory - Using org.eclipse.m2e.jdt.JarLifecycleMapping lifecycle mapping for MavenProject: com.eurekaServer:eurekaServer:0.0.1-SNAPSHOT @ C:\Users\NTS-Megha Hirmukhe\Desktop\kafka\kafka+loginProducer\backend\eurekaServer\pom.xml.
2023-09-11 18:10:09,389 [Worker-0: Updating Maven Project] INFO  o.e.m.c.i.l.LifecycleMappingFactory - Using org.eclipse.m2e.jdt.JarLifecycleMapping lifecycle mapping for MavenProject: com.PersonalDetails:PersonalDetails:0.0.1-SNAPSHOT @ C:\Users\NTS-Megha Hirmukhe\Desktop\kafka\kafka+loginProducer\backend\PersonalDetails\PersonalDetails\pom.xml.
2023-09-11 18:10:09,492 [Worker-0: Updating Maven Project] INFO  o.e.m.c.i.p.WorkspaceClassifierResolverManager - Resolving P/AuthService: com.AuthService:AuthService:0.0.1-SNAPSHOT with classifier  to /AuthService/target/classes
2023-09-11 18:10:09,541 [Worker-0: Updating Maven Project] INFO  o.e.m.c.i.l.LifecycleMappingFactory - Using org.eclipse.m2e.jdt.JarLifecycleMapping lifecycle mapping for MavenProject: com.ProductDetails:ProductDetails:0.0.1-SNAPSHOT @ C:\Users\NTS-Megha Hirmukhe\Desktop\kafka\kafka+loginProducer\backend\ProductDetails\ProductDetails\pom.xml.
2023-09-11 18:10:09,583 [Worker-0: Updating Maven Project] INFO  o.e.m.c.i.p.WorkspaceClassifierResolverManager - Resolving P/AuthService: com.AuthService:AuthService:0.0.1-SNAPSHOT with classifier  to /AuthService/target/classes
2023-09-11 18:10:09,627 [Worker-0: Updating Maven Project] INFO  o.e.m.c.i.l.LifecycleMappingFactory - Using org.eclipse.m2e.jdt.JarLifecycleMapping lifecycle mapping for MavenProject: com.UserDetails:UserDetails:0.0.1-SNAPSHOT @ C:\Users\NTS-Megha Hirmukhe\Desktop\kafka\kafka+loginProducer\backend\UserDetails\pom.xml.
2023-09-11 18:10:09,688 [Worker-0: Updating Maven Project] INFO  o.e.m.c.i.p.WorkspaceClassifierResolverManager - Resolving P/AuthService: com.AuthService:AuthService:0.0.1-SNAPSHOT with classifier  to /AuthService/target/classes
2023-09-11 18:10:13,352 [Worker-0: Updating Maven Project] INFO  o.e.m.j.i.AbstractJavaProjectConfigurator - Adding source folder /APIGATEWAY/src/main/java
2023-09-11 18:10:13,353 [Worker-0: Updating Maven Project] INFO  o.e.m.j.i.AbstractJavaProjectConfigurator - Adding resource folder /APIGATEWAY/src/main/resources
2023-09-11 18:10:13,354 [Worker-0: Updating Maven Project] INFO  o.e.m.j.i.AbstractJavaProjectConfigurator - Adding resource folder /APIGATEWAY/src/main/resources
2023-09-11 18:10:13,354 [Worker-0: Updating Maven Project] INFO  o.e.m.j.i.AbstractJavaProjectConfigurator - Adding source folder /APIGATEWAY/src/test/java
2023-09-11 18:10:14,280 [Worker-0: Updating Maven Project] INFO  o.e.m.j.i.AbstractJavaProjectConfigurator - Adding source folder /AuthService/src/main/java
2023-09-11 18:10:14,281 [Worker-0: Updating Maven Project] INFO  o.e.m.j.i.AbstractJavaProjectConfigurator - Adding resource folder /AuthService/src/main/resources
2023-09-11 18:10:14,281 [Worker-0: Updating Maven Project] INFO  o.e.m.j.i.AbstractJavaProjectConfigurator - Adding resource folder /AuthService/src/main/resources
2023-09-11 18:10:14,282 [Worker-0: Updating Maven Project] INFO  o.e.m.j.i.AbstractJavaProjectConfigurator - Adding source folder /AuthService/src/test/java
2023-09-11 18:10:15,482 [Worker-0: Updating Maven Project] INFO  o.e.m.j.i.AbstractJavaProjectConfigurator - Adding source folder /eurekaServer/src/main/java
2023-09-11 18:10:15,482 [Worker-0: Updating Maven Project] INFO  o.e.m.j.i.AbstractJavaProjectConfigurator - Adding resource folder /eurekaServer/src/main/resources
2023-09-11 18:10:15,482 [Worker-0: Updating Maven Project] INFO  o.e.m.j.i.AbstractJavaProjectConfigurator - Adding resource folder /eurekaServer/src/main/resources
2023-09-11 18:10:15,483 [Worker-0: Updating Maven Project] INFO  o.e.m.j.i.AbstractJavaProjectConfigurator - Adding source folder /eurekaServer/src/test/java
2023-09-11 18:10:16,514 [Worker-0: Updating Maven Project] INFO  o.e.m.j.i.AbstractJavaProjectConfigurator - Adding source folder /PersonalDetails/src/main/java
2023-09-11 18:10:16,515 [Worker-0: Updating Maven Project] INFO  o.e.m.j.i.AbstractJavaProjectConfigurator - Adding resource folder /PersonalDetails/src/main/resources
2023-09-11 18:10:16,515 [Worker-0: Updating Maven Project] INFO  o.e.m.j.i.AbstractJavaProjectConfigurator - Adding resource folder /PersonalDetails/src/main/resources
2023-09-11 18:10:16,516 [Worker-0: Updating Maven Project] INFO  o.e.m.j.i.AbstractJavaProjectConfigurator - Adding source folder /PersonalDetails/src/test/java
2023-09-11 18:10:17,497 [Worker-0: Updating Maven Project] INFO  o.e.m.j.i.AbstractJavaProjectConfigurator - Adding source folder /ProductDetails/src/main/java
2023-09-11 18:10:17,497 [Worker-0: Updating Maven Project] INFO  o.e.m.j.i.AbstractJavaProjectConfigurator - Adding resource folder /ProductDetails/src/main/resources
2023-09-11 18:10:17,498 [Worker-0: Updating Maven Project] INFO  o.e.m.j.i.AbstractJavaProjectConfigurator - Adding resource folder /ProductDetails/src/main/resources
2023-09-11 18:10:17,499 [Worker-0: Updating Maven Project] INFO  o.e.m.j.i.AbstractJavaProjectConfigurator - Adding source folder /ProductDetails/src/test/java
2023-09-11 18:10:19,134 [Worker-0: Updating Maven Project] INFO  o.e.m.j.i.AbstractJavaProjectConfigurator - Adding source folder /UserDetails_UserDetails/src/main/java
2023-09-11 18:10:19,134 [Worker-0: Updating Maven Project] INFO  o.e.m.j.i.AbstractJavaProjectConfigurator - Adding resource folder /UserDetails_UserDetails/src/main/resources
2023-09-11 18:10:19,135 [Worker-0: Updating Maven Project] INFO  o.e.m.j.i.AbstractJavaProjectConfigurator - Adding resource folder /UserDetails_UserDetails/src/main/resources
2023-09-11 18:10:19,135 [Worker-0: Updating Maven Project] INFO  o.e.m.j.i.AbstractJavaProjectConfigurator - Adding source folder /UserDetails_UserDetails/src/test/java
2023-09-11 18:10:19,136 [Worker-0: Updating Maven Project] INFO  o.e.m.j.i.AbstractJavaProjectConfigurator - Adding resource folder /UserDetails_UserDetails/src/test/resources
2023-09-11 18:10:21,913 [Worker-0: Updating Maven Project] INFO  o.e.m.c.i.p.ProjectConfigurationManager - Update completed for 6 poms: local refresh takes 0.00 sec, refresh facades takes 5.00 sec, update config takes 6.00 sec 
2023-09-11 18:10:22,435 [Worker-1: Building] INFO  o.a.m.s.f.DefaultMavenResourcesFiltering - Copying 2 resources from src\main\resources to target\classes
2023-09-11 18:10:22,462 [Worker-1: Building] INFO  o.a.m.s.f.DefaultMavenResourcesFiltering - Copying 0 resource from src\main\resources to target\classes
2023-09-11 18:10:22,467 [Worker-1: Building] INFO  o.a.m.s.f.DefaultMavenResourcesFiltering - skip non existing resourceDirectory C:\Users\NTS-Megha Hirmukhe\Desktop\kafka\kafka+loginProducer\backend\APIGATEWAY\src\test\resources
2023-09-11 18:10:23,298 [Worker-1: Building] INFO  o.a.m.s.f.DefaultMavenResourcesFiltering - Copying 2 resources from src\main\resources to target\classes
2023-09-11 18:10:23,331 [Worker-1: Building] INFO  o.a.m.s.f.DefaultMavenResourcesFiltering - Copying 0 resource from src\main\resources to target\classes
2023-09-11 18:10:23,339 [Worker-1: Building] INFO  o.a.m.s.f.DefaultMavenResourcesFiltering - skip non existing resourceDirectory C:\Users\NTS-Megha Hirmukhe\Desktop\kafka\kafka+loginProducer\backend\AuthService\src\test\resources
2023-09-11 18:10:24,554 [Worker-11: Building] INFO  o.a.m.s.f.DefaultMavenResourcesFiltering - Copying 2 resources from src\main\resources to target\classes
2023-09-11 18:10:24,584 [Worker-11: Building] INFO  o.a.m.s.f.DefaultMavenResourcesFiltering - Copying 0 resource from src\main\resources to target\classes
2023-09-11 18:10:24,594 [Worker-11: Building] INFO  o.a.m.s.f.DefaultMavenResourcesFiltering - skip non existing resourceDirectory C:\Users\NTS-Megha Hirmukhe\Desktop\kafka\kafka+loginProducer\backend\PersonalDetails\PersonalDetails\src\test\resources
2023-09-11 18:10:25,825 [Worker-11: Building] INFO  o.a.m.s.f.DefaultMavenResourcesFiltering - Copying 2 resources from src\main\resources to target\classes
2023-09-11 18:10:25,863 [Worker-11: Building] INFO  o.a.m.s.f.DefaultMavenResourcesFiltering - Copying 0 resource from src\main\resources to target\classes
2023-09-11 18:10:25,874 [Worker-11: Building] INFO  o.a.m.s.f.DefaultMavenResourcesFiltering - skip non existing resourceDirectory C:\Users\NTS-Megha Hirmukhe\Desktop\kafka\kafka+loginProducer\backend\ProductDetails\ProductDetails\src\test\resources
2023-09-11 18:10:26,833 [Worker-12: Building] INFO  o.a.m.s.f.DefaultMavenResourcesFiltering - Copying 2 resources from src\main\resources to target\classes
2023-09-11 18:10:26,987 [Worker-12: Building] INFO  o.a.m.s.f.DefaultMavenResourcesFiltering - Copying 0 resource from src\main\resources to target\classes
2023-09-11 18:10:26,994 [Worker-12: Building] INFO  o.a.m.s.f.DefaultMavenResourcesFiltering - Copying 0 resource from src\test\resources to target\test-classes
2023-09-11 18:10:27,391 [Worker-12: Building] INFO  o.a.m.s.f.DefaultMavenResourcesFiltering - Copying 2 resources from src\main\resources to target\classes
2023-09-11 18:10:27,414 [Worker-12: Building] INFO  o.a.m.s.f.DefaultMavenResourcesFiltering - Copying 0 resource from src\main\resources to target\classes
2023-09-11 18:10:27,419 [Worker-12: Building] INFO  o.a.m.s.f.DefaultMavenResourcesFiltering - skip non existing resourceDirectory C:\Users\NTS-Megha Hirmukhe\Desktop\kafka\kafka+loginProducer\backend\eurekaServer\src\test\resources
2023-09-11 18:11:49,643 [Worker-14: Building] INFO  o.a.m.s.f.DefaultMavenResourcesFiltering - Copying 2 resources from src\main\resources to target\classes
2023-09-11 18:11:49,656 [Worker-14: Building] INFO  o.a.m.s.f.DefaultMavenResourcesFiltering - Copying 0 resource from src\main\resources to target\classes
2023-09-11 18:11:49,660 [Worker-14: Building] INFO  o.a.m.s.f.DefaultMavenResourcesFiltering - skip non existing resourceDirectory C:\Users\NTS-Megha Hirmukhe\Desktop\kafka\kafka+loginProducer\backend\AuthService\src\test\resources
2023-09-11 18:12:15,747 [Worker-15: Building] INFO  o.a.m.s.f.DefaultMavenResourcesFiltering - Copying 2 resources from src\main\resources to target\classes
2023-09-11 18:12:15,757 [Worker-15: Building] INFO  o.a.m.s.f.DefaultMavenResourcesFiltering - Copying 0 resource from src\main\resources to target\classes
2023-09-11 18:12:15,761 [Worker-15: Building] INFO  o.a.m.s.f.DefaultMavenResourcesFiltering - skip non existing resourceDirectory C:\Users\NTS-Megha Hirmukhe\Desktop\kafka\kafka+loginProducer\backend\AuthService\src\test\resources
2023-09-11 18:12:19,748 [Worker-11: Building] INFO  o.a.m.s.f.DefaultMavenResourcesFiltering - Copying 2 resources from src\main\resources to target\classes
2023-09-11 18:12:19,754 [Worker-11: Building] INFO  o.a.m.s.f.DefaultMavenResourcesFiltering - Copying 0 resource from src\main\resources to target\classes
2023-09-11 18:12:19,758 [Worker-11: Building] INFO  o.a.m.s.f.DefaultMavenResourcesFiltering - skip non existing resourceDirectory C:\Users\NTS-Megha Hirmukhe\Desktop\kafka\kafka+loginProducer\backend\AuthService\src\test\resources
2023-09-11 18:12:45,853 [Worker-7: Building] INFO  o.a.m.s.f.DefaultMavenResourcesFiltering - Copying 2 resources from src\main\resources to target\classes
2023-09-11 18:12:45,860 [Worker-7: Building] INFO  o.a.m.s.f.DefaultMavenResourcesFiltering - Copying 0 resource from src\main\resources to target\classes
2023-09-11 18:12:45,864 [Worker-7: Building] INFO  o.a.m.s.f.DefaultMavenResourcesFiltering - skip non existing resourceDirectory C:\Users\NTS-Megha Hirmukhe\Desktop\kafka\kafka+loginProducer\backend\AuthService\src\test\resources
2023-09-11 18:12:53,894 [Worker-6: Building] INFO  o.a.m.s.f.DefaultMavenResourcesFiltering - Copying 2 resources from src\main\resources to target\classes
2023-09-11 18:12:53,902 [Worker-6: Building] INFO  o.a.m.s.f.DefaultMavenResourcesFiltering - Copying 0 resource from src\main\resources to target\classes
2023-09-11 18:12:53,905 [Worker-6: Building] INFO  o.a.m.s.f.DefaultMavenResourcesFiltering - skip non existing resourceDirectory C:\Users\NTS-Megha Hirmukhe\Desktop\kafka\kafka+loginProducer\backend\AuthService\src\test\resources
2023-09-11 18:12:55,851 [Worker-8: Building] INFO  o.a.m.s.f.DefaultMavenResourcesFiltering - Copying 2 resources from src\main\resources to target\classes
2023-09-11 18:12:55,860 [Worker-8: Building] INFO  o.a.m.s.f.DefaultMavenResourcesFiltering - Copying 0 resource from src\main\resources to target\classes
2023-09-11 18:12:55,862 [Worker-8: Building] INFO  o.a.m.s.f.DefaultMavenResourcesFiltering - skip non existing resourceDirectory C:\Users\NTS-Megha Hirmukhe\Desktop\kafka\kafka+loginProducer\backend\AuthService\src\test\resources
2023-09-11 18:12:59,284 [Worker-3: Building] INFO  o.a.m.s.f.DefaultMavenResourcesFiltering - Copying 2 resources from src\main\resources to target\classes
2023-09-11 18:12:59,291 [Worker-3: Building] INFO  o.a.m.s.f.DefaultMavenResourcesFiltering - Copying 0 resource from src\main\resources to target\classes
2023-09-11 18:12:59,297 [Worker-3: Building] INFO  o.a.m.s.f.DefaultMavenResourcesFiltering - skip non existing resourceDirectory C:\Users\NTS-Megha Hirmukhe\Desktop\kafka\kafka+loginProducer\backend\AuthService\src\test\resources
2023-09-11 18:13:11,362 [Worker-7: Updating Maven Project] INFO  o.e.m.c.i.p.ProjectConfigurationManager - Update started
2023-09-11 18:13:11,575 [Worker-7: Updating Maven Project] INFO  o.e.m.c.i.l.LifecycleMappingFactory - Using org.eclipse.m2e.jdt.JarLifecycleMapping lifecycle mapping for MavenProject: com.AuthService:AuthService:0.0.1-SNAPSHOT @ C:\Users\NTS-Megha Hirmukhe\Desktop\kafka\kafka+loginProducer\backend\AuthService\pom.xml.
2023-09-11 18:13:12,610 [Worker-7: Updating Maven Project] INFO  o.e.m.j.i.AbstractJavaProjectConfigurator - Adding source folder /AuthService/src/main/java
2023-09-11 18:13:12,611 [Worker-7: Updating Maven Project] INFO  o.e.m.j.i.AbstractJavaProjectConfigurator - Adding resource folder /AuthService/src/main/resources
2023-09-11 18:13:12,611 [Worker-7: Updating Maven Project] INFO  o.e.m.j.i.AbstractJavaProjectConfigurator - Adding resource folder /AuthService/src/main/resources
2023-09-11 18:13:12,611 [Worker-7: Updating Maven Project] INFO  o.e.m.j.i.AbstractJavaProjectConfigurator - Adding source folder /AuthService/src/test/java
2023-09-11 18:13:13,558 [Worker-7: Updating Maven Project] INFO  o.e.m.c.i.p.ProjectConfigurationManager - Update completed for 1 poms: local refresh takes 0.00 sec, refresh facades takes 1.00 sec, update config takes 0.00 sec 
2023-09-11 18:13:14,520 [Worker-18: Building] INFO  o.a.m.s.f.DefaultMavenResourcesFiltering - Copying 2 resources from src\main\resources to target\classes
2023-09-11 18:13:14,544 [Worker-18: Building] INFO  o.a.m.s.f.DefaultMavenResourcesFiltering - Copying 0 resource from src\main\resources to target\classes
2023-09-11 18:13:14,549 [Worker-18: Building] INFO  o.a.m.s.f.DefaultMavenResourcesFiltering - skip non existing resourceDirectory C:\Users\NTS-Megha Hirmukhe\Desktop\kafka\kafka+loginProducer\backend\AuthService\src\test\resources
2023-09-11 18:17:33,783 [Worker-18: Updating Maven Project] INFO  o.e.m.c.i.p.ProjectConfigurationManager - Update started
2023-09-11 18:17:34,087 [Worker-18: Updating Maven Project] INFO  o.e.m.c.i.l.LifecycleMappingFactory - Using org.eclipse.m2e.jdt.JarLifecycleMapping lifecycle mapping for MavenProject: com.AuthService:AuthService:0.0.1-SNAPSHOT @ C:\Users\NTS-Megha Hirmukhe\Desktop\kafka\kafka+loginProducer\backend\AuthService\pom.xml.
2023-09-11 18:17:35,830 [Worker-18: Updating Maven Project] INFO  o.e.m.j.i.AbstractJavaProjectConfigurator - Adding source folder /AuthService/src/main/java
2023-09-11 18:17:35,830 [Worker-18: Updating Maven Project] INFO  o.e.m.j.i.AbstractJavaProjectConfigurator - Adding resource folder /AuthService/src/main/resources
2023-09-11 18:17:35,830 [Worker-18: Updating Maven Project] INFO  o.e.m.j.i.AbstractJavaProjectConfigurator - Adding resource folder /AuthService/src/main/resources
2023-09-11 18:17:35,830 [Worker-18: Updating Maven Project] INFO  o.e.m.j.i.AbstractJavaProjectConfigurator - Adding source folder /AuthService/src/test/java
2023-09-11 18:17:36,734 [Worker-18: Updating Maven Project] INFO  o.e.m.c.i.p.ProjectConfigurationManager - Update completed for 1 poms: local refresh takes 0.00 sec, refresh facades takes 1.00 sec, update config takes 0.00 sec 
2023-09-11 18:17:37,518 [Worker-19: Building] INFO  o.a.m.s.f.DefaultMavenResourcesFiltering - Copying 2 resources from src\main\resources to target\classes
2023-09-11 18:17:37,534 [Worker-19: Building] INFO  o.a.m.s.f.DefaultMavenResourcesFiltering - Copying 0 resource from src\main\resources to target\classes
2023-09-11 18:17:37,537 [Worker-19: Building] INFO  o.a.m.s.f.DefaultMavenResourcesFiltering - skip non existing resourceDirectory C:\Users\NTS-Megha Hirmukhe\Desktop\kafka\kafka+loginProducer\backend\AuthService\src\test\resources
2023-09-11 18:17:42,734 [main] INFO  o.e.m2e.actions.ExecutePomAction - Creating new launch configuration
2023-09-11 18:17:50,306 [Worker-0: Launching AuthService] INFO  o.eclipse.m2e.core.internal.Bundles - getClasspathEntries(Bundle=org.eclipse.m2e.maven.runtime_3.8.701.20230209-1606 [609])
2023-09-11 18:17:50,312 [Worker-0: Launching AuthService] INFO  o.eclipse.m2e.core.internal.Bundles - 	Entry: C:\Users\NTS-Megha Hirmukhe\.p2\pool\plugins\org.eclipse.m2e.maven.runtime_3.8.701.20230209-1606
2023-09-11 18:17:50,312 [Worker-0: Launching AuthService] INFO  o.eclipse.m2e.core.internal.Bundles - 	Entry: C:\Users\NTS-Megha Hirmukhe\.p2\pool\plugins\org.eclipse.m2e.maven.runtime_3.8.701.20230209-1606\jars\aether-connector-okhttp-0.17.8.jar
2023-09-11 18:17:50,312 [Worker-0: Launching AuthService] INFO  o.eclipse.m2e.core.internal.Bundles - 	Entry: C:\Users\NTS-Megha Hirmukhe\.p2\pool\plugins\org.eclipse.m2e.maven.runtime_3.8.701.20230209-1606\jars\commons-lang3-3.8.1.jar
2023-09-11 18:17:50,312 [Worker-0: Launching AuthService] INFO  o.eclipse.m2e.core.internal.Bundles - 	Entry: C:\Users\NTS-Megha Hirmukhe\.p2\pool\plugins\org.eclipse.m2e.maven.runtime_3.8.701.20230209-1606\jars\guice-4.2.2-no_aop.jar
2023-09-11 18:17:50,312 [Worker-0: Launching AuthService] INFO  o.eclipse.m2e.core.internal.Bundles - 	Entry: C:\Users\NTS-Megha Hirmukhe\.p2\pool\plugins\org.eclipse.m2e.maven.runtime_3.8.701.20230209-1606\jars\jansi-2.4.0.jar
2023-09-11 18:17:50,312 [Worker-0: Launching AuthService] INFO  o.eclipse.m2e.core.internal.Bundles - 	Entry: C:\Users\NTS-Megha Hirmukhe\.p2\pool\plugins\org.eclipse.m2e.maven.runtime_3.8.701.20230209-1606\jars\maven-artifact-3.8.7.jar
2023-09-11 18:17:50,312 [Worker-0: Launching AuthService] INFO  o.eclipse.m2e.core.internal.Bundles - 	Entry: C:\Users\NTS-Megha Hirmukhe\.p2\pool\plugins\org.eclipse.m2e.maven.runtime_3.8.701.20230209-1606\jars\maven-builder-support-3.8.7.jar
2023-09-11 18:17:50,313 [Worker-0: Launching AuthService] INFO  o.eclipse.m2e.core.internal.Bundles - 	Entry: C:\Users\NTS-Megha Hirmukhe\.p2\pool\plugins\org.eclipse.m2e.maven.runtime_3.8.701.20230209-1606\jars\maven-compat-3.8.7.jar
2023-09-11 18:17:50,313 [Worker-0: Launching AuthService] INFO  o.eclipse.m2e.core.internal.Bundles - 	Entry: C:\Users\NTS-Megha Hirmukhe\.p2\pool\plugins\org.eclipse.m2e.maven.runtime_3.8.701.20230209-1606\jars\maven-core-3.8.7.jar
2023-09-11 18:17:50,313 [Worker-0: Launching AuthService] INFO  o.eclipse.m2e.core.internal.Bundles - 	Entry: C:\Users\NTS-Megha Hirmukhe\.p2\pool\plugins\org.eclipse.m2e.maven.runtime_3.8.701.20230209-1606\jars\maven-embedder-3.8.7.jar
2023-09-11 18:17:50,314 [Worker-0: Launching AuthService] INFO  o.eclipse.m2e.core.internal.Bundles - 	Entry: C:\Users\NTS-Megha Hirmukhe\.p2\pool\plugins\org.eclipse.m2e.maven.runtime_3.8.701.20230209-1606\jars\maven-model-3.8.7.jar
2023-09-11 18:17:50,314 [Worker-0: Launching AuthService] INFO  o.eclipse.m2e.core.internal.Bundles - 	Entry: C:\Users\NTS-Megha Hirmukhe\.p2\pool\plugins\org.eclipse.m2e.maven.runtime_3.8.701.20230209-1606\jars\maven-model-builder-3.8.7.jar
2023-09-11 18:17:50,314 [Worker-0: Launching AuthService] INFO  o.eclipse.m2e.core.internal.Bundles - 	Entry: C:\Users\NTS-Megha Hirmukhe\.p2\pool\plugins\org.eclipse.m2e.maven.runtime_3.8.701.20230209-1606\jars\maven-plugin-api-3.8.7.jar
2023-09-11 18:17:50,314 [Worker-0: Launching AuthService] INFO  o.eclipse.m2e.core.internal.Bundles - 	Entry: C:\Users\NTS-Megha Hirmukhe\.p2\pool\plugins\org.eclipse.m2e.maven.runtime_3.8.701.20230209-1606\jars\maven-repository-metadata-3.8.7.jar
2023-09-11 18:17:50,314 [Worker-0: Launching AuthService] INFO  o.eclipse.m2e.core.internal.Bundles - 	Entry: C:\Users\NTS-Megha Hirmukhe\.p2\pool\plugins\org.eclipse.m2e.maven.runtime_3.8.701.20230209-1606\jars\maven-resolver-api-1.6.3.jar
2023-09-11 18:17:50,314 [Worker-0: Launching AuthService] INFO  o.eclipse.m2e.core.internal.Bundles - 	Entry: C:\Users\NTS-Megha Hirmukhe\.p2\pool\plugins\org.eclipse.m2e.maven.runtime_3.8.701.20230209-1606\jars\maven-resolver-connector-basic-1.6.3.jar
2023-09-11 18:17:50,315 [Worker-0: Launching AuthService] INFO  o.eclipse.m2e.core.internal.Bundles - 	Entry: C:\Users\NTS-Megha Hirmukhe\.p2\pool\plugins\org.eclipse.m2e.maven.runtime_3.8.701.20230209-1606\jars\maven-resolver-impl-1.6.3.jar
2023-09-11 18:17:50,315 [Worker-0: Launching AuthService] INFO  o.eclipse.m2e.core.internal.Bundles - 	Entry: C:\Users\NTS-Megha Hirmukhe\.p2\pool\plugins\org.eclipse.m2e.maven.runtime_3.8.701.20230209-1606\jars\maven-resolver-provider-3.8.7.jar
2023-09-11 18:17:50,315 [Worker-0: Launching AuthService] INFO  o.eclipse.m2e.core.internal.Bundles - 	Entry: C:\Users\NTS-Megha Hirmukhe\.p2\pool\plugins\org.eclipse.m2e.maven.runtime_3.8.701.20230209-1606\jars\maven-resolver-spi-1.6.3.jar
2023-09-11 18:17:50,315 [Worker-0: Launching AuthService] INFO  o.eclipse.m2e.core.internal.Bundles - 	Entry: C:\Users\NTS-Megha Hirmukhe\.p2\pool\plugins\org.eclipse.m2e.maven.runtime_3.8.701.20230209-1606\jars\maven-resolver-transport-wagon-1.6.3.jar
2023-09-11 18:17:50,315 [Worker-0: Launching AuthService] INFO  o.eclipse.m2e.core.internal.Bundles - 	Entry: C:\Users\NTS-Megha Hirmukhe\.p2\pool\plugins\org.eclipse.m2e.maven.runtime_3.8.701.20230209-1606\jars\maven-resolver-util-1.6.3.jar
2023-09-11 18:17:50,315 [Worker-0: Launching AuthService] INFO  o.eclipse.m2e.core.internal.Bundles - 	Entry: C:\Users\NTS-Megha Hirmukhe\.p2\pool\plugins\org.eclipse.m2e.maven.runtime_3.8.701.20230209-1606\jars\maven-settings-3.8.7.jar
2023-09-11 18:17:50,315 [Worker-0: Launching AuthService] INFO  o.eclipse.m2e.core.internal.Bundles - 	Entry: C:\Users\NTS-Megha Hirmukhe\.p2\pool\plugins\org.eclipse.m2e.maven.runtime_3.8.701.20230209-1606\jars\maven-settings-builder-3.8.7.jar
2023-09-11 18:17:50,316 [Worker-0: Launching AuthService] INFO  o.eclipse.m2e.core.internal.Bundles - 	Entry: C:\Users\NTS-Megha Hirmukhe\.p2\pool\plugins\org.eclipse.m2e.maven.runtime_3.8.701.20230209-1606\jars\maven-shared-utils-3.3.4.jar
2023-09-11 18:17:50,316 [Worker-0: Launching AuthService] INFO  o.eclipse.m2e.core.internal.Bundles - 	Entry: C:\Users\NTS-Megha Hirmukhe\.p2\pool\plugins\org.eclipse.m2e.maven.runtime_3.8.701.20230209-1606\jars\okhttp-3.14.1.jar
2023-09-11 18:17:50,316 [Worker-0: Launching AuthService] INFO  o.eclipse.m2e.core.internal.Bundles - 	Entry: C:\Users\NTS-Megha Hirmukhe\.p2\pool\plugins\org.eclipse.m2e.maven.runtime_3.8.701.20230209-1606\jars\okio-1.17.3.jar
2023-09-11 18:17:50,316 [Worker-0: Launching AuthService] INFO  o.eclipse.m2e.core.internal.Bundles - 	Entry: C:\Users\NTS-Megha Hirmukhe\.p2\pool\plugins\org.eclipse.m2e.maven.runtime_3.8.701.20230209-1606\jars\org.eclipse.sisu.inject-0.3.5.jar
2023-09-11 18:17:50,316 [Worker-0: Launching AuthService] INFO  o.eclipse.m2e.core.internal.Bundles - 	Entry: C:\Users\NTS-Megha Hirmukhe\.p2\pool\plugins\org.eclipse.m2e.maven.runtime_3.8.701.20230209-1606\jars\org.eclipse.sisu.plexus-0.3.5.jar
2023-09-11 18:17:50,316 [Worker-0: Launching AuthService] INFO  o.eclipse.m2e.core.internal.Bundles - 	Entry: C:\Users\NTS-Megha Hirmukhe\.p2\pool\plugins\org.eclipse.m2e.maven.runtime_3.8.701.20230209-1606\jars\plexus-build-api-0.0.7.jar
2023-09-11 18:17:50,316 [Worker-0: Launching AuthService] INFO  o.eclipse.m2e.core.internal.Bundles - 	Entry: C:\Users\NTS-Megha Hirmukhe\.p2\pool\plugins\org.eclipse.m2e.maven.runtime_3.8.701.20230209-1606\jars\plexus-cipher-2.0.jar
2023-09-11 18:17:50,316 [Worker-0: Launching AuthService] INFO  o.eclipse.m2e.core.internal.Bundles - 	Entry: C:\Users\NTS-Megha Hirmukhe\.p2\pool\plugins\org.eclipse.m2e.maven.runtime_3.8.701.20230209-1606\jars\plexus-classworlds-2.6.0.jar
2023-09-11 18:17:50,316 [Worker-0: Launching AuthService] INFO  o.eclipse.m2e.core.internal.Bundles - 	Entry: C:\Users\NTS-Megha Hirmukhe\.p2\pool\plugins\org.eclipse.m2e.maven.runtime_3.8.701.20230209-1606\jars\plexus-component-annotations-2.1.0.jar
2023-09-11 18:17:50,316 [Worker-0: Launching AuthService] INFO  o.eclipse.m2e.core.internal.Bundles - 	Entry: C:\Users\NTS-Megha Hirmukhe\.p2\pool\plugins\org.eclipse.m2e.maven.runtime_3.8.701.20230209-1606\jars\plexus-interpolation-1.26.jar
2023-09-11 18:17:50,316 [Worker-0: Launching AuthService] INFO  o.eclipse.m2e.core.internal.Bundles - 	Entry: C:\Users\NTS-Megha Hirmukhe\.p2\pool\plugins\org.eclipse.m2e.maven.runtime_3.8.701.20230209-1606\jars\plexus-sec-dispatcher-2.0.jar
2023-09-11 18:17:50,316 [Worker-0: Launching AuthService] INFO  o.eclipse.m2e.core.internal.Bundles - 	Entry: C:\Users\NTS-Megha Hirmukhe\.p2\pool\plugins\org.eclipse.m2e.maven.runtime_3.8.701.20230209-1606\jars\plexus-utils-3.3.1.jar
2023-09-11 18:17:50,317 [Worker-0: Launching AuthService] INFO  o.eclipse.m2e.core.internal.Bundles - 	Entry: C:\Users\NTS-Megha Hirmukhe\.p2\pool\plugins\org.eclipse.m2e.maven.runtime_3.8.701.20230209-1606\jars\wagon-file-3.5.3.jar
2023-09-11 18:17:50,317 [Worker-0: Launching AuthService] INFO  o.eclipse.m2e.core.internal.Bundles - 	Entry: C:\Users\NTS-Megha Hirmukhe\.p2\pool\plugins\org.eclipse.m2e.maven.runtime_3.8.701.20230209-1606\jars\wagon-provider-api-3.5.3.jar
2023-09-11 18:17:50,317 [Worker-0: Launching AuthService] INFO  o.eclipse.m2e.core.internal.Bundles - getClasspathEntries(Bundle=com.google.guava_31.1.0.jre [11])
2023-09-11 18:17:50,318 [Worker-0: Launching AuthService] INFO  o.eclipse.m2e.core.internal.Bundles - 	Entry: C:\Users\NTS-Megha Hirmukhe\.p2\pool\plugins\com.google.guava_31.1.0.jre.jar
2023-09-11 18:17:50,318 [Worker-0: Launching AuthService] INFO  o.eclipse.m2e.core.internal.Bundles - getClasspathEntries(Bundle=slf4j.api_1.7.36 [923])
2023-09-11 18:17:50,319 [Worker-0: Launching AuthService] INFO  o.eclipse.m2e.core.internal.Bundles - 	Entry: C:\Users\NTS-Megha Hirmukhe\.p2\pool\plugins\slf4j.api_1.7.36.jar
2023-09-11 18:17:50,320 [Worker-0: Launching AuthService] INFO  o.eclipse.m2e.core.internal.Bundles - getClasspathEntries(Bundle=javax.inject_1.0.0.v20220405-0441 [35])
2023-09-11 18:17:50,320 [Worker-0: Launching AuthService] INFO  o.eclipse.m2e.core.internal.Bundles - 	Entry: C:\Users\NTS-Megha Hirmukhe\.p2\pool\plugins\javax.inject_1.0.0.v20220405-0441.jar
2023-09-11 18:17:50,320 [Worker-0: Launching AuthService] INFO  o.eclipse.m2e.core.internal.Bundles - getClasspathEntries(Bundle=javax.annotation_1.3.5.v20221203-1659 [33])
2023-09-11 18:17:50,323 [Worker-0: Launching AuthService] INFO  o.eclipse.m2e.core.internal.Bundles - 	Entry: C:\Users\NTS-Megha Hirmukhe\.p2\pool\plugins\javax.annotation_1.3.5.v20221203-1659.jar
2023-09-11 18:17:50,323 [Worker-0: Launching AuthService] INFO  o.eclipse.m2e.core.internal.Bundles - getClasspathEntries(Bundle=org.apache.commons.cli_1.4.0.v20221112-0806 [67])
2023-09-11 18:17:50,325 [Worker-0: Launching AuthService] INFO  o.eclipse.m2e.core.internal.Bundles - 	Entry: C:\Users\NTS-Megha Hirmukhe\.p2\pool\plugins\org.apache.commons.cli_1.4.0.v20221112-0806.jar
2023-09-11 18:17:50,325 [Worker-0: Launching AuthService] INFO  o.eclipse.m2e.core.internal.Bundles - getClasspathEntries(Bundle=com.google.guava.failureaccess_1.0.1 [13])
2023-09-11 18:17:50,327 [Worker-0: Launching AuthService] INFO  o.eclipse.m2e.core.internal.Bundles - 	Entry: C:\Users\NTS-Megha Hirmukhe\.p2\pool\plugins\com.google.guava.failureaccess_1.0.1.jar
2023-09-11 18:17:50,329 [Worker-0: Launching AuthService] INFO  o.e.m.i.launch.MavenLaunchDelegate - Run build in "C:\Users\NTS-Megha Hirmukhe\Desktop\kafka\kafka+loginProducer\backend\AuthService":
2023-09-11 18:17:50,329 [Worker-0: Launching AuthService] INFO  o.e.m.i.launch.MavenLaunchDelegate -  mvn  -B -Dstyle.color=always clean install
2023-09-11 18:20:32,563 [Worker-27: Building] INFO  o.a.m.s.f.DefaultMavenResourcesFiltering - Copying 2 resources from src\main\resources to target\classes
2023-09-11 18:20:32,574 [Worker-27: Building] INFO  o.a.m.s.f.DefaultMavenResourcesFiltering - Copying 0 resource from src\main\resources to target\classes
2023-09-11 18:20:32,576 [Worker-27: Building] INFO  o.a.m.s.f.DefaultMavenResourcesFiltering - skip non existing resourceDirectory C:\Users\NTS-Megha Hirmukhe\Desktop\kafka\kafka+loginProducer\backend\AuthService\src\test\resources
2023-09-11 18:20:50,935 [Worker-31: Building] INFO  o.a.m.s.f.DefaultMavenResourcesFiltering - Copying 2 resources from src\main\resources to target\classes
2023-09-11 18:20:50,946 [Worker-31: Building] INFO  o.a.m.s.f.DefaultMavenResourcesFiltering - Copying 0 resource from src\main\resources to target\classes
2023-09-11 18:20:50,949 [Worker-31: Building] INFO  o.a.m.s.f.DefaultMavenResourcesFiltering - skip non existing resourceDirectory C:\Users\NTS-Megha Hirmukhe\Desktop\kafka\kafka+loginProducer\backend\AuthService\src\test\resources
2023-09-11 18:21:19,599 [Worker-31: Building] INFO  o.a.m.s.f.DefaultMavenResourcesFiltering - Copying 2 resources from src\main\resources to target\classes
2023-09-11 18:21:19,611 [Worker-31: Building] INFO  o.a.m.s.f.DefaultMavenResourcesFiltering - Copying 0 resource from src\main\resources to target\classes
2023-09-11 18:21:19,614 [Worker-31: Building] INFO  o.a.m.s.f.DefaultMavenResourcesFiltering - skip non existing resourceDirectory C:\Users\NTS-Megha Hirmukhe\Desktop\kafka\kafka+loginProducer\backend\AuthService\src\test\resources
2023-09-11 18:21:37,087 [Worker-30: Building] INFO  o.a.m.s.f.DefaultMavenResourcesFiltering - Copying 2 resources from src\main\resources to target\classes
2023-09-11 18:21:37,095 [Worker-30: Building] INFO  o.a.m.s.f.DefaultMavenResourcesFiltering - Copying 0 resource from src\main\resources to target\classes
2023-09-11 18:21:37,098 [Worker-30: Building] INFO  o.a.m.s.f.DefaultMavenResourcesFiltering - skip non existing resourceDirectory C:\Users\NTS-Megha Hirmukhe\Desktop\kafka\kafka+loginProducer\backend\AuthService\src\test\resources
2023-09-11 18:21:45,898 [Worker-30: Building] INFO  o.a.m.s.f.DefaultMavenResourcesFiltering - Copying 2 resources from src\main\resources to target\classes
2023-09-11 18:21:45,904 [Worker-30: Building] INFO  o.a.m.s.f.DefaultMavenResourcesFiltering - Copying 0 resource from src\main\resources to target\classes
2023-09-11 18:21:45,907 [Worker-30: Building] INFO  o.a.m.s.f.DefaultMavenResourcesFiltering - skip non existing resourceDirectory C:\Users\NTS-Megha Hirmukhe\Desktop\kafka\kafka+loginProducer\backend\AuthService\src\test\resources
2023-09-11 18:21:49,034 [Worker-27: Building] INFO  o.a.m.s.f.DefaultMavenResourcesFiltering - Copying 2 resources from src\main\resources to target\classes
2023-09-11 18:21:49,040 [Worker-27: Building] INFO  o.a.m.s.f.DefaultMavenResourcesFiltering - Copying 0 resource from src\main\resources to target\classes
2023-09-11 18:21:49,042 [Worker-27: Building] INFO  o.a.m.s.f.DefaultMavenResourcesFiltering - skip non existing resourceDirectory C:\Users\NTS-Megha Hirmukhe\Desktop\kafka\kafka+loginProducer\backend\AuthService\src\test\resources
2023-09-11 18:22:04,361 [Worker-27: Building] INFO  o.a.m.s.f.DefaultMavenResourcesFiltering - Copying 2 resources from src\main\resources to target\classes
2023-09-11 18:22:04,367 [Worker-27: Building] INFO  o.a.m.s.f.DefaultMavenResourcesFiltering - Copying 0 resource from src\main\resources to target\classes
2023-09-11 18:22:04,371 [Worker-27: Building] INFO  o.a.m.s.f.DefaultMavenResourcesFiltering - skip non existing resourceDirectory C:\Users\NTS-Megha Hirmukhe\Desktop\kafka\kafka+loginProducer\backend\AuthService\src\test\resources
2023-09-11 18:22:07,820 [Worker-31: Building] INFO  o.a.m.s.f.DefaultMavenResourcesFiltering - Copying 2 resources from src\main\resources to target\classes
2023-09-11 18:22:07,829 [Worker-31: Building] INFO  o.a.m.s.f.DefaultMavenResourcesFiltering - Copying 0 resource from src\main\resources to target\classes
2023-09-11 18:22:07,833 [Worker-31: Building] INFO  o.a.m.s.f.DefaultMavenResourcesFiltering - skip non existing resourceDirectory C:\Users\NTS-Megha Hirmukhe\Desktop\kafka\kafka+loginProducer\backend\AuthService\src\test\resources
2023-09-11 18:22:18,950 [Worker-31: Building] INFO  o.a.m.s.f.DefaultMavenResourcesFiltering - Copying 2 resources from src\main\resources to target\classes
2023-09-11 18:22:18,956 [Worker-31: Building] INFO  o.a.m.s.f.DefaultMavenResourcesFiltering - Copying 0 resource from src\main\resources to target\classes
2023-09-11 18:22:18,959 [Worker-31: Building] INFO  o.a.m.s.f.DefaultMavenResourcesFiltering - skip non existing resourceDirectory C:\Users\NTS-Megha Hirmukhe\Desktop\kafka\kafka+loginProducer\backend\AuthService\src\test\resources
2023-09-11 18:22:25,391 [Worker-3: Updating Maven Project] INFO  o.e.m.c.i.p.ProjectConfigurationManager - Update started
2023-09-11 18:22:25,617 [Worker-3: Updating Maven Project] INFO  o.e.m.c.i.l.LifecycleMappingFactory - Using org.eclipse.m2e.jdt.JarLifecycleMapping lifecycle mapping for MavenProject: com.AuthService:AuthService:0.0.1-SNAPSHOT @ C:\Users\NTS-Megha Hirmukhe\Desktop\kafka\kafka+loginProducer\backend\AuthService\pom.xml.
2023-09-11 18:22:26,652 [Worker-3: Updating Maven Project] INFO  o.e.m.j.i.AbstractJavaProjectConfigurator - Adding source folder /AuthService/src/main/java
2023-09-11 18:22:26,717 [Worker-3: Updating Maven Project] INFO  o.e.m.j.i.AbstractJavaProjectConfigurator - Adding resource folder /AuthService/src/main/resources
2023-09-11 18:22:26,717 [Worker-3: Updating Maven Project] INFO  o.e.m.j.i.AbstractJavaProjectConfigurator - Adding resource folder /AuthService/src/main/resources
2023-09-11 18:22:26,718 [Worker-3: Updating Maven Project] INFO  o.e.m.j.i.AbstractJavaProjectConfigurator - Adding source folder /AuthService/src/test/java
2023-09-11 18:22:27,600 [Worker-3: Updating Maven Project] INFO  o.e.m.c.i.p.ProjectConfigurationManager - Update completed for 1 poms: local refresh takes 0.00 sec, refresh facades takes 1.00 sec, update config takes 0.00 sec 
2023-09-11 18:22:28,161 [Worker-36: Building] INFO  o.a.m.s.f.DefaultMavenResourcesFiltering - Copying 2 resources from src\main\resources to target\classes
2023-09-11 18:22:28,186 [Worker-36: Building] INFO  o.a.m.s.f.DefaultMavenResourcesFiltering - Copying 0 resource from src\main\resources to target\classes
2023-09-11 18:22:28,190 [Worker-36: Building] INFO  o.a.m.s.f.DefaultMavenResourcesFiltering - skip non existing resourceDirectory C:\Users\NTS-Megha Hirmukhe\Desktop\kafka\kafka+loginProducer\backend\AuthService\src\test\resources
2023-09-11 18:27:03,215 [Worker-35: Building] INFO  o.a.m.s.f.DefaultMavenResourcesFiltering - Copying 2 resources from src\main\resources to target\classes
2023-09-11 18:27:03,225 [Worker-35: Building] INFO  o.a.m.s.f.DefaultMavenResourcesFiltering - Copying 0 resource from src\main\resources to target\classes
2023-09-11 18:27:03,227 [Worker-35: Building] INFO  o.a.m.s.f.DefaultMavenResourcesFiltering - skip non existing resourceDirectory C:\Users\NTS-Megha Hirmukhe\Desktop\kafka\kafka+loginProducer\backend\AuthService\src\test\resources
2023-09-11 18:27:19,497 [Worker-27: Building] INFO  o.a.m.s.f.DefaultMavenResourcesFiltering - Copying 2 resources from src\main\resources to target\classes
2023-09-11 18:27:19,507 [Worker-27: Building] INFO  o.a.m.s.f.DefaultMavenResourcesFiltering - Copying 0 resource from src\main\resources to target\classes
2023-09-11 18:27:19,510 [Worker-27: Building] INFO  o.a.m.s.f.DefaultMavenResourcesFiltering - skip non existing resourceDirectory C:\Users\NTS-Megha Hirmukhe\Desktop\kafka\kafka+loginProducer\backend\AuthService\src\test\resources
2023-09-11 18:28:32,064 [Worker-20: Building] INFO  o.a.m.s.f.DefaultMavenResourcesFiltering - Copying 2 resources from src\main\resources to target\classes
2023-09-11 18:28:32,090 [Worker-20: Building] INFO  o.a.m.s.f.DefaultMavenResourcesFiltering - Copying 0 resource from src\main\resources to target\classes
2023-09-11 18:28:32,094 [Worker-20: Building] INFO  o.a.m.s.f.DefaultMavenResourcesFiltering - Copying 0 resource from src\test\resources to target\test-classes
2023-09-11 18:28:44,152 [Worker-29: Updating Maven Project] INFO  o.e.m.c.i.p.ProjectConfigurationManager - Update started
2023-09-11 18:28:45,197 [Worker-29: Updating Maven Project] INFO  o.e.m.c.i.l.LifecycleMappingFactory - Using org.eclipse.m2e.jdt.JarLifecycleMapping lifecycle mapping for MavenProject: com.APIGATEWAY:APIGATEWAY:0.0.1-SNAPSHOT @ C:\Users\NTS-Megha Hirmukhe\Desktop\kafka\kafka+loginProducer\backend\APIGATEWAY\pom.xml.
2023-09-11 18:28:45,565 [Worker-29: Updating Maven Project] INFO  o.e.m.c.i.l.LifecycleMappingFactory - Using org.eclipse.m2e.jdt.JarLifecycleMapping lifecycle mapping for MavenProject: com.AuthService:AuthService:0.0.1-SNAPSHOT @ C:\Users\NTS-Megha Hirmukhe\Desktop\kafka\kafka+loginProducer\backend\AuthService\pom.xml.
2023-09-11 18:28:45,810 [Worker-29: Updating Maven Project] INFO  o.e.m.c.i.l.LifecycleMappingFactory - Using org.eclipse.m2e.jdt.JarLifecycleMapping lifecycle mapping for MavenProject: com.eurekaServer:eurekaServer:0.0.1-SNAPSHOT @ C:\Users\NTS-Megha Hirmukhe\Desktop\kafka\kafka+loginProducer\backend\eurekaServer\pom.xml.
2023-09-11 18:28:45,954 [Worker-29: Updating Maven Project] INFO  o.e.m.c.i.l.LifecycleMappingFactory - Using org.eclipse.m2e.jdt.JarLifecycleMapping lifecycle mapping for MavenProject: com.PersonalDetails:PersonalDetails:0.0.1-SNAPSHOT @ C:\Users\NTS-Megha Hirmukhe\Desktop\kafka\kafka+loginProducer\backend\PersonalDetails\PersonalDetails\pom.xml.
2023-09-11 18:28:46,068 [Worker-29: Updating Maven Project] INFO  o.e.m.c.i.p.WorkspaceClassifierResolverManager - Resolving P/AuthService: com.AuthService:AuthService:0.0.1-SNAPSHOT with classifier  to /AuthService/target/classes
2023-09-11 18:28:46,126 [Worker-29: Updating Maven Project] INFO  o.e.m.c.i.l.LifecycleMappingFactory - Using org.eclipse.m2e.jdt.JarLifecycleMapping lifecycle mapping for MavenProject: com.ProductDetails:ProductDetails:0.0.1-SNAPSHOT @ C:\Users\NTS-Megha Hirmukhe\Desktop\kafka\kafka+loginProducer\backend\ProductDetails\ProductDetails\pom.xml.
2023-09-11 18:28:46,181 [Worker-29: Updating Maven Project] INFO  o.e.m.c.i.p.WorkspaceClassifierResolverManager - Resolving P/AuthService: com.AuthService:AuthService:0.0.1-SNAPSHOT with classifier  to /AuthService/target/classes
2023-09-11 18:28:46,232 [Worker-29: Updating Maven Project] INFO  o.e.m.c.i.l.LifecycleMappingFactory - Using org.eclipse.m2e.jdt.JarLifecycleMapping lifecycle mapping for MavenProject: com.UserDetails:UserDetails:0.0.1-SNAPSHOT @ C:\Users\NTS-Megha Hirmukhe\Desktop\kafka\kafka+loginProducer\backend\UserDetails\pom.xml.
2023-09-11 18:28:46,291 [Worker-29: Updating Maven Project] INFO  o.e.m.c.i.p.WorkspaceClassifierResolverManager - Resolving P/AuthService: com.AuthService:AuthService:0.0.1-SNAPSHOT with classifier  to /AuthService/target/classes
2023-09-11 18:28:49,976 [Worker-29: Updating Maven Project] INFO  o.e.m.j.i.AbstractJavaProjectConfigurator - Adding source folder /APIGATEWAY/src/main/java
2023-09-11 18:28:49,976 [Worker-29: Updating Maven Project] INFO  o.e.m.j.i.AbstractJavaProjectConfigurator - Adding resource folder /APIGATEWAY/src/main/resources
2023-09-11 18:28:49,976 [Worker-29: Updating Maven Project] INFO  o.e.m.j.i.AbstractJavaProjectConfigurator - Adding resource folder /APIGATEWAY/src/main/resources
2023-09-11 18:28:49,976 [Worker-29: Updating Maven Project] INFO  o.e.m.j.i.AbstractJavaProjectConfigurator - Adding source folder /APIGATEWAY/src/test/java
2023-09-11 18:28:50,501 [Worker-29: Updating Maven Project] INFO  o.e.m.j.i.AbstractJavaProjectConfigurator - Adding source folder /AuthService/src/main/java
2023-09-11 18:28:50,502 [Worker-29: Updating Maven Project] INFO  o.e.m.j.i.AbstractJavaProjectConfigurator - Adding resource folder /AuthService/src/main/resources
2023-09-11 18:28:50,502 [Worker-29: Updating Maven Project] INFO  o.e.m.j.i.AbstractJavaProjectConfigurator - Adding resource folder /AuthService/src/main/resources
2023-09-11 18:28:50,502 [Worker-29: Updating Maven Project] INFO  o.e.m.j.i.AbstractJavaProjectConfigurator - Adding source folder /AuthService/src/test/java
2023-09-11 18:28:52,083 [Worker-29: Updating Maven Project] INFO  o.e.m.j.i.AbstractJavaProjectConfigurator - Adding source folder /eurekaServer/src/main/java
2023-09-11 18:28:52,083 [Worker-29: Updating Maven Project] INFO  o.e.m.j.i.AbstractJavaProjectConfigurator - Adding resource folder /eurekaServer/src/main/resources
2023-09-11 18:28:52,084 [Worker-29: Updating Maven Project] INFO  o.e.m.j.i.AbstractJavaProjectConfigurator - Adding resource folder /eurekaServer/src/main/resources
2023-09-11 18:28:52,084 [Worker-29: Updating Maven Project] INFO  o.e.m.j.i.AbstractJavaProjectConfigurator - Adding source folder /eurekaServer/src/test/java
2023-09-11 18:28:52,578 [Worker-29: Updating Maven Project] INFO  o.e.m.j.i.AbstractJavaProjectConfigurator - Adding source folder /PersonalDetails/src/main/java
2023-09-11 18:28:52,578 [Worker-29: Updating Maven Project] INFO  o.e.m.j.i.AbstractJavaProjectConfigurator - Adding resource folder /PersonalDetails/src/main/resources
2023-09-11 18:28:52,578 [Worker-29: Updating Maven Project] INFO  o.e.m.j.i.AbstractJavaProjectConfigurator - Adding resource folder /PersonalDetails/src/main/resources
2023-09-11 18:28:52,579 [Worker-29: Updating Maven Project] INFO  o.e.m.j.i.AbstractJavaProjectConfigurator - Adding source folder /PersonalDetails/src/test/java
2023-09-11 18:28:53,369 [Worker-29: Updating Maven Project] INFO  o.e.m.j.i.AbstractJavaProjectConfigurator - Adding source folder /ProductDetails/src/main/java
2023-09-11 18:28:53,369 [Worker-29: Updating Maven Project] INFO  o.e.m.j.i.AbstractJavaProjectConfigurator - Adding resource folder /ProductDetails/src/main/resources
2023-09-11 18:28:53,369 [Worker-29: Updating Maven Project] INFO  o.e.m.j.i.AbstractJavaProjectConfigurator - Adding resource folder /ProductDetails/src/main/resources
2023-09-11 18:28:53,369 [Worker-29: Updating Maven Project] INFO  o.e.m.j.i.AbstractJavaProjectConfigurator - Adding source folder /ProductDetails/src/test/java
2023-09-11 18:28:54,141 [Worker-29: Updating Maven Project] INFO  o.e.m.j.i.AbstractJavaProjectConfigurator - Adding source folder /UserDetails_UserDetails/src/main/java
2023-09-11 18:28:54,141 [Worker-29: Updating Maven Project] INFO  o.e.m.j.i.AbstractJavaProjectConfigurator - Adding resource folder /UserDetails_UserDetails/src/main/resources
2023-09-11 18:28:54,141 [Worker-29: Updating Maven Project] INFO  o.e.m.j.i.AbstractJavaProjectConfigurator - Adding resource folder /UserDetails_UserDetails/src/main/resources
2023-09-11 18:28:54,142 [Worker-29: Updating Maven Project] INFO  o.e.m.j.i.AbstractJavaProjectConfigurator - Adding source folder /UserDetails_UserDetails/src/test/java
2023-09-11 18:28:54,142 [Worker-29: Updating Maven Project] INFO  o.e.m.j.i.AbstractJavaProjectConfigurator - Adding resource folder /UserDetails_UserDetails/src/test/resources
2023-09-11 18:28:55,680 [Worker-29: Updating Maven Project] INFO  o.e.m.c.i.p.ProjectConfigurationManager - Update completed for 6 poms: local refresh takes 0.00 sec, refresh facades takes 5.00 sec, update config takes 4.00 sec 
2023-09-11 18:28:56,100 [Worker-38: Building] INFO  o.a.m.s.f.DefaultMavenResourcesFiltering - Copying 2 resources from src\main\resources to target\classes
2023-09-11 18:28:56,121 [Worker-38: Building] INFO  o.a.m.s.f.DefaultMavenResourcesFiltering - Copying 0 resource from src\main\resources to target\classes
2023-09-11 18:28:56,124 [Worker-38: Building] INFO  o.a.m.s.f.DefaultMavenResourcesFiltering - skip non existing resourceDirectory C:\Users\NTS-Megha Hirmukhe\Desktop\kafka\kafka+loginProducer\backend\APIGATEWAY\src\test\resources
2023-09-11 18:28:56,564 [Worker-40: Building] INFO  o.a.m.s.f.DefaultMavenResourcesFiltering - Copying 2 resources from src\main\resources to target\classes
2023-09-11 18:28:56,597 [Worker-40: Building] INFO  o.a.m.s.f.DefaultMavenResourcesFiltering - Copying 0 resource from src\main\resources to target\classes
2023-09-11 18:28:56,605 [Worker-40: Building] INFO  o.a.m.s.f.DefaultMavenResourcesFiltering - skip non existing resourceDirectory C:\Users\NTS-Megha Hirmukhe\Desktop\kafka\kafka+loginProducer\backend\AuthService\src\test\resources
2023-09-11 18:28:57,114 [Worker-20: Building] INFO  o.a.m.s.f.DefaultMavenResourcesFiltering - Copying 2 resources from src\main\resources to target\classes
2023-09-11 18:28:57,142 [Worker-20: Building] INFO  o.a.m.s.f.DefaultMavenResourcesFiltering - Copying 0 resource from src\main\resources to target\classes
2023-09-11 18:28:57,145 [Worker-20: Building] INFO  o.a.m.s.f.DefaultMavenResourcesFiltering - skip non existing resourceDirectory C:\Users\NTS-Megha Hirmukhe\Desktop\kafka\kafka+loginProducer\backend\PersonalDetails\PersonalDetails\src\test\resources
2023-09-11 18:28:57,785 [Worker-42: Building] INFO  o.a.m.s.f.DefaultMavenResourcesFiltering - Copying 2 resources from src\main\resources to target\classes
2023-09-11 18:28:57,811 [Worker-42: Building] INFO  o.a.m.s.f.DefaultMavenResourcesFiltering - Copying 0 resource from src\main\resources to target\classes
2023-09-11 18:28:57,816 [Worker-42: Building] INFO  o.a.m.s.f.DefaultMavenResourcesFiltering - skip non existing resourceDirectory C:\Users\NTS-Megha Hirmukhe\Desktop\kafka\kafka+loginProducer\backend\ProductDetails\ProductDetails\src\test\resources
2023-09-11 18:28:58,638 [Worker-46: Building] INFO  o.a.m.s.f.DefaultMavenResourcesFiltering - Copying 2 resources from src\main\resources to target\classes
2023-09-11 18:28:58,659 [Worker-46: Building] INFO  o.a.m.s.f.DefaultMavenResourcesFiltering - Copying 0 resource from src\main\resources to target\classes
2023-09-11 18:28:58,664 [Worker-46: Building] INFO  o.a.m.s.f.DefaultMavenResourcesFiltering - Copying 0 resource from src\test\resources to target\test-classes
2023-09-11 18:28:59,120 [Worker-20: Building] INFO  o.a.m.s.f.DefaultMavenResourcesFiltering - Copying 2 resources from src\main\resources to target\classes
2023-09-11 18:28:59,280 [Worker-20: Building] INFO  o.a.m.s.f.DefaultMavenResourcesFiltering - Copying 0 resource from src\main\resources to target\classes
2023-09-11 18:28:59,289 [Worker-20: Building] INFO  o.a.m.s.f.DefaultMavenResourcesFiltering - skip non existing resourceDirectory C:\Users\NTS-Megha Hirmukhe\Desktop\kafka\kafka+loginProducer\backend\eurekaServer\src\test\resources
2023-09-11 18:29:11,744 [Worker-42: Launching UserDetails_UserDetails - UserDetailsApplication] INFO  o.e.m.c.i.p.WorkspaceClassifierResolverManager - Resolving P/AuthService: com.AuthService:AuthService:0.0.1-SNAPSHOT with classifier null to /AuthService/target/classes
2023-09-11 18:29:12,110 [Worker-42: Launching UserDetails_UserDetails - UserDetailsApplication] INFO  o.e.m.c.i.p.WorkspaceClassifierResolverManager - Resolving P/AuthService: com.AuthService:AuthService:0.0.1-SNAPSHOT with classifier null to /AuthService/target/classes
2023-09-11 18:29:12,476 [Worker-42: Launching UserDetails_UserDetails - UserDetailsApplication] INFO  o.e.m.c.i.p.WorkspaceClassifierResolverManager - Resolving P/AuthService: com.AuthService:AuthService:0.0.1-SNAPSHOT with classifier null to /AuthService/target/classes
2023-09-11 18:29:23,938 [Worker-29: Launching ProductDetails - ProductDetailsApplication] INFO  o.e.m.c.i.p.WorkspaceClassifierResolverManager - Resolving P/AuthService: com.AuthService:AuthService:0.0.1-SNAPSHOT with classifier null to /AuthService/target/classes
2023-09-11 18:29:24,260 [Worker-29: Launching ProductDetails - ProductDetailsApplication] INFO  o.e.m.c.i.p.WorkspaceClassifierResolverManager - Resolving P/AuthService: com.AuthService:AuthService:0.0.1-SNAPSHOT with classifier null to /AuthService/target/classes
2023-09-11 18:29:24,584 [Worker-29: Launching ProductDetails - ProductDetailsApplication] INFO  o.e.m.c.i.p.WorkspaceClassifierResolverManager - Resolving P/AuthService: com.AuthService:AuthService:0.0.1-SNAPSHOT with classifier null to /AuthService/target/classes
2023-09-11 18:29:35,949 [Worker-20: Launching PersonalDetails - PersonalDetailsApplication] INFO  o.e.m.c.i.p.WorkspaceClassifierResolverManager - Resolving P/AuthService: com.AuthService:AuthService:0.0.1-SNAPSHOT with classifier null to /AuthService/target/classes
2023-09-11 18:29:36,272 [Worker-20: Launching PersonalDetails - PersonalDetailsApplication] INFO  o.e.m.c.i.p.WorkspaceClassifierResolverManager - Resolving P/AuthService: com.AuthService:AuthService:0.0.1-SNAPSHOT with classifier null to /AuthService/target/classes
2023-09-11 18:29:36,592 [Worker-20: Launching PersonalDetails - PersonalDetailsApplication] INFO  o.e.m.c.i.p.WorkspaceClassifierResolverManager - Resolving P/AuthService: com.AuthService:AuthService:0.0.1-SNAPSHOT with classifier null to /AuthService/target/classes
